<?xml version="1.0" encoding="UTF-8"?>
<testng-results ignored="0" total="1" passed="1" failed="0" skipped="0">
  <reporter-output>
  </reporter-output>
  <suite started-at="2021-04-26T04:05:02Z" name="AutomationSuite" finished-at="2021-04-26T04:05:14Z" duration-ms="12355">
    <groups>
    </groups>
    <test started-at="2021-04-26T04:05:02Z" name="Selenium Test" finished-at="2021-04-26T04:05:14Z" duration-ms="12355">
      <class name="automation.SeleniumTest">
        <test-method signature="searchTvShow()[pri:0, instance:automation.SeleniumTest@184cf7cf]" started-at="2021-04-26T04:05:02Z" name="searchTvShow" finished-at="2021-04-26T04:05:14Z" duration-ms="12325" status="PASS">
          <reporter-output>
          </reporter-output>
        </test-method> <!-- searchTvShow -->
      </class> <!-- automation.SeleniumTest -->
    </test> <!-- Selenium Test -->
  </suite> <!-- AutomationSuite -->
</testng-results>
